This is pdfTeX, Version 3.141592653-2.6-1.40.26 (MiKTeX 24.4) (preloaded format=pdflatex 2024.11.8)  8 NOV 2024 20:40
entering extended mode
 restricted \write18 enabled.
 file:line:error style messages enabled.
 %&-line parsing enabled.
**"c:/Users/mamat/Documents/Medaka Paper/Project Medaka AI (English Ver)/main.tex"
(c:/Users/mamat/Documents/Medaka Paper/Project Medaka AI (English Ver)/main.tex
LaTeX2e <2024-11-01>
L3 programming layer <2024-10-09>
(C:\Users\mamat\AppData\Local\Programs\MiKTeX\tex/latex/base\article.cls
Document Class: article 2024/06/29 v1.4n Standard LaTeX document class
(C:\Users\mamat\AppData\Local\Programs\MiKTeX\tex/latex/base\size10.clo
File: size10.clo 2024/06/29 v1.4n Standard LaTeX file (size option)
)
\c@part=\count196
\c@section=\count197
\c@subsection=\count198
\c@subsubsection=\count199
\c@paragraph=\count266
\c@subparagraph=\count267
\c@figure=\count268
\c@table=\count269
\abovecaptionskip=\skip49
\belowcaptionskip=\skip50
\bibindent=\dimen141
) (C:\Users\mamat\AppData\Local\Programs\MiKTeX\tex/latex/preprint\fullpage.sty
Package: fullpage 1999/02/23 1.1 (PWD)
\FP@margin=\skip51
) (C:\Users\mamat\AppData\Local\Programs\MiKTeX\tex/latex/setspace\setspace.sty
Package: setspace 2022/12/04 v6.7b set line spacing
) (C:\Users\mamat\AppData\Local\Programs\MiKTeX\tex/latex/parskip\parskip.sty
Package: parskip 2021-03-14 v2.0h non-zero parskip adjustments
 (C:\Users\mamat\AppData\Local\Programs\MiKTeX\tex/latex/kvoptions\kvoptions.sty
Package: kvoptions 2022-06-15 v3.15 Key value format for package options (HO)
 (C:\Users\mamat\AppData\Local\Programs\MiKTeX\tex/latex/graphics\keyval.sty
Package: keyval 2022/05/29 v1.15 key=value parser (DPC)
\KV@toks@=\toks17
) (C:\Users\mamat\AppData\Local\Programs\MiKTeX\tex/generic/ltxcmds\ltxcmds.sty
Package: ltxcmds 2023-12-04 v1.26 LaTeX kernel commands for general use (HO)
) (C:\Users\mamat\AppData\Local\Programs\MiKTeX\tex/latex/kvsetkeys\kvsetkeys.sty
Package: kvsetkeys 2022-10-05 v1.19 Key value parser (HO)
)) (C:\Users\mamat\AppData\Local\Programs\MiKTeX\tex/latex/etoolbox\etoolbox.sty
Package: etoolbox 2020/10/05 v2.5k e-TeX tools for LaTeX (JAW)
\etb@tempcnta=\count270
)) (C:\Users\mamat\AppData\Local\Programs\MiKTeX\tex/latex/titlesec\titlesec.sty
Package: titlesec 2023/10/27 v2.16 Sectioning titles
\ttl@box=\box52
\beforetitleunit=\skip52
\aftertitleunit=\skip53
\ttl@plus=\dimen142
\ttl@minus=\dimen143
\ttl@toksa=\toks18
\titlewidth=\dimen144
\titlewidthlast=\dimen145
\titlewidthfirst=\dimen146
) (C:\Users\mamat\AppData\Local\Programs\MiKTeX\tex/latex/placeins\placeins.sty
Package: placeins 2005/04/18  v 2.2
) (C:\Users\mamat\AppData\Local\Programs\MiKTeX\tex/latex/xcolor\xcolor.sty
Package: xcolor 2024/09/29 v3.02 LaTeX color extensions (UK)
 (C:\Users\mamat\AppData\Local\Programs\MiKTeX\tex/latex/graphics-cfg\color.cfg
File: color.cfg 2016/01/02 v1.6 sample color configuration
)
Package xcolor Info: Driver file: pdftex.def on input line 274.
 (C:\Users\mamat\AppData\Local\Programs\MiKTeX\tex/latex/graphics-def\pdftex.def
File: pdftex.def 2024/04/13 v1.2c Graphics/color driver for pdftex
) (C:\Users\mamat\AppData\Local\Programs\MiKTeX\tex/latex/graphics\mathcolor.ltx)
Package xcolor Info: Model `cmy' substituted by `cmy0' on input line 1349.
Package xcolor Info: Model `hsb' substituted by `rgb' on input line 1353.
Package xcolor Info: Model `RGB' extended on input line 1365.
Package xcolor Info: Model `HTML' substituted by `rgb' on input line 1367.
Package xcolor Info: Model `Hsb' substituted by `hsb' on input line 1368.
Package xcolor Info: Model `tHsb' substituted by `hsb' on input line 1369.
Package xcolor Info: Model `HSB' substituted by `hsb' on input line 1370.
Package xcolor Info: Model `Gray' substituted by `gray' on input line 1371.
Package xcolor Info: Model `wave' substituted by `hsb' on input line 1372.
) (C:\Users\mamat\AppData\Local\Programs\MiKTeX\tex/latex/breakcites\breakcites.sty) (C:\Users\mamat\AppData\Local\Programs\MiKTeX\tex/latex/lineno\lineno.sty
Package: lineno 2023/05/20 line numbers on paragraphs v5.3
\linenopenalty=\count271
\output=\toks19
\linenoprevgraf=\count272
\linenumbersep=\dimen147
\linenumberwidth=\dimen148
\c@linenumber=\count273
\c@pagewiselinenumber=\count274
\c@LN@truepage=\count275
\c@internallinenumber=\count276
\c@internallinenumbers=\count277
\quotelinenumbersep=\dimen149
\bframerule=\dimen150
\bframesep=\dimen151
\bframebox=\box53
LaTeX Info: Redefining \\ on input line 3180.
) (C:\Users\mamat\AppData\Local\Programs\MiKTeX\tex/latex/hyphenat\hyphenat.sty
Package: hyphenat 2009/09/02 v2.3c hyphenation utilities
\langwohyphens=\language79
LaTeX Info: Redefining \_ on input line 43.
) (C:\Users\mamat\AppData\Local\Programs\MiKTeX\tex/latex/hyperref\hyperref.sty
Package: hyperref 2024-10-30 v7.01k Hypertext links for LaTeX
 (C:\Users\mamat\AppData\Local\Programs\MiKTeX\tex/generic/iftex\iftex.sty
Package: iftex 2022/02/03 v1.0f TeX engine tests
) (C:\Users\mamat\AppData\Local\Programs\MiKTeX\tex/generic/kvdefinekeys\kvdefinekeys.sty
Package: kvdefinekeys 2019-12-19 v1.6 Define keys (HO)
) (C:\Users\mamat\AppData\Local\Programs\MiKTeX\tex/generic/pdfescape\pdfescape.sty
Package: pdfescape 2019/12/09 v1.15 Implements pdfTeX's escape features (HO)
 (C:\Users\mamat\AppData\Local\Programs\MiKTeX\tex/generic/pdftexcmds\pdftexcmds.sty
Package: pdftexcmds 2020-06-27 v0.33 Utility functions of pdfTeX for LuaTeX (HO)
 (C:\Users\mamat\AppData\Local\Programs\MiKTeX\tex/generic/infwarerr\infwarerr.sty
Package: infwarerr 2019/12/03 v1.5 Providing info/warning/error messages (HO)
)
Package pdftexcmds Info: \pdf@primitive is available.
Package pdftexcmds Info: \pdf@ifprimitive is available.
Package pdftexcmds Info: \pdfdraftmode found.
)) (C:\Users\mamat\AppData\Local\Programs\MiKTeX\tex/latex/hycolor\hycolor.sty
Package: hycolor 2020-01-27 v1.10 Color options for hyperref/bookmark (HO)
) (C:\Users\mamat\AppData\Local\Programs\MiKTeX\tex/latex/hyperref\nameref.sty
Package: nameref 2023-11-26 v2.56 Cross-referencing by name of section
 (C:\Users\mamat\AppData\Local\Programs\MiKTeX\tex/latex/refcount\refcount.sty
Package: refcount 2019/12/15 v3.6 Data extraction from label references (HO)
) (C:\Users\mamat\AppData\Local\Programs\MiKTeX\tex/generic/gettitlestring\gettitlestring.sty
Package: gettitlestring 2019/12/15 v1.6 Cleanup title references (HO)
)
\c@section@level=\count278
) (C:\Users\mamat\AppData\Local\Programs\MiKTeX\tex/generic/stringenc\stringenc.sty
Package: stringenc 2019/11/29 v1.12 Convert strings between diff. encodings (HO)
)
\@linkdim=\dimen152
\Hy@linkcounter=\count279
\Hy@pagecounter=\count280
 (C:\Users\mamat\AppData\Local\Programs\MiKTeX\tex/latex/hyperref\pd1enc.def
File: pd1enc.def 2024-10-30 v7.01k Hyperref: PDFDocEncoding definition (HO)
Now handling font encoding PD1 ...
... no UTF-8 mapping file for font encoding PD1
) (C:\Users\mamat\AppData\Local\Programs\MiKTeX\tex/generic/intcalc\intcalc.sty
Package: intcalc 2019/12/15 v1.3 Expandable calculations with integers (HO)
)
\Hy@SavedSpaceFactor=\count281
 (C:\Users\mamat\AppData\Local\Programs\MiKTeX\tex/latex/hyperref\puenc.def
File: puenc.def 2024-10-30 v7.01k Hyperref: PDF Unicode definition (HO)
Now handling font encoding PU ...
... no UTF-8 mapping file for font encoding PU
)
Package hyperref Info: Option `colorlinks' set `true' on input line 4040.
Package hyperref Info: Hyper figures OFF on input line 4157.
Package hyperref Info: Link nesting OFF on input line 4162.
Package hyperref Info: Hyper index ON on input line 4165.
Package hyperref Info: Plain pages OFF on input line 4172.
Package hyperref Info: Backreferencing OFF on input line 4177.
Package hyperref Info: Implicit mode ON; LaTeX internals redefined.
Package hyperref Info: Bookmarks ON on input line 4424.
\c@Hy@tempcnt=\count282
 (C:\Users\mamat\AppData\Local\Programs\MiKTeX\tex/latex/url\url.sty
\Urlmuskip=\muskip17
Package: url 2013/09/16  ver 3.4  Verb mode for urls, etc.
)
LaTeX Info: Redefining \url on input line 4763.
\XeTeXLinkMargin=\dimen153
 (C:\Users\mamat\AppData\Local\Programs\MiKTeX\tex/generic/bitset\bitset.sty
Package: bitset 2019/12/09 v1.3 Handle bit-vector datatype (HO)
 (C:\Users\mamat\AppData\Local\Programs\MiKTeX\tex/generic/bigintcalc\bigintcalc.sty
Package: bigintcalc 2019/12/15 v1.5 Expandable calculations on big integers (HO)
))
\Fld@menulength=\count283
\Field@Width=\dimen154
\Fld@charsize=\dimen155
Package hyperref Info: Hyper figures OFF on input line 6042.
Package hyperref Info: Link nesting OFF on input line 6047.
Package hyperref Info: Hyper index ON on input line 6050.
Package hyperref Info: backreferencing OFF on input line 6057.
Package hyperref Info: Link coloring ON on input line 6060.
Package hyperref Info: Link coloring with OCG OFF on input line 6067.
Package hyperref Info: PDF/A mode OFF on input line 6072.
 (C:\Users\mamat\AppData\Local\Programs\MiKTeX\tex/latex/base\atbegshi-ltx.sty
Package: atbegshi-ltx 2021/01/10 v1.0c Emulation of the original atbegshi
package with kernel methods
)
\Hy@abspage=\count284
\c@Item=\count285
\c@Hfootnote=\count286
)
Package hyperref Info: Driver (autodetected): hpdftex.
 (C:\Users\mamat\AppData\Local\Programs\MiKTeX\tex/latex/hyperref\hpdftex.def
File: hpdftex.def 2024-10-30 v7.01k Hyperref driver for pdfTeX
 (C:\Users\mamat\AppData\Local\Programs\MiKTeX\tex/latex/base\atveryend-ltx.sty
Package: atveryend-ltx 2020/08/19 v1.0a Emulation of the original atveryend package
with kernel methods
)
\Fld@listcount=\count287
\c@bookmark@seq@number=\count288
 (C:\Users\mamat\AppData\Local\Programs\MiKTeX\tex/latex/rerunfilecheck\rerunfilecheck.sty
Package: rerunfilecheck 2022-07-10 v1.10 Rerun checks for auxiliary files (HO)
 (C:\Users\mamat\AppData\Local\Programs\MiKTeX\tex/generic/uniquecounter\uniquecounter.sty
Package: uniquecounter 2019/12/15 v1.4 Provide unlimited unique counter (HO)
)
Package uniquecounter Info: New unique counter `rerunfilecheck' on input line 285.
)
\Hy@SectionHShift=\skip54
) (C:\Users\mamat\AppData\Local\Programs\MiKTeX\tex/latex/natbib\natbib.sty
Package: natbib 2010/09/13 8.31b (PWD, AO)
\bibhang=\skip55
\bibsep=\skip56
LaTeX Info: Redefining \cite on input line 694.
\c@NAT@ctr=\count289
) (C:\Users\mamat\AppData\Local\Programs\MiKTeX\tex/latex/preprint\authblk.sty
Package: authblk 2001/02/27 1.3 (PWD)
\affilsep=\skip57
\@affilsep=\skip58
\c@Maxaffil=\count290
\c@authors=\count291
\c@affil=\count292
) (C:\Users\mamat\AppData\Local\Programs\MiKTeX\tex/latex/graphics\graphicx.sty
Package: graphicx 2021/09/16 v1.2d Enhanced LaTeX Graphics (DPC,SPQR)
 (C:\Users\mamat\AppData\Local\Programs\MiKTeX\tex/latex/graphics\graphics.sty
Package: graphics 2024/08/06 v1.4g Standard LaTeX Graphics (DPC,SPQR)
 (C:\Users\mamat\AppData\Local\Programs\MiKTeX\tex/latex/graphics\trig.sty
Package: trig 2023/12/02 v1.11 sin cos tan (DPC)
) (C:\Users\mamat\AppData\Local\Programs\MiKTeX\tex/latex/graphics-cfg\graphics.cfg
File: graphics.cfg 2016/06/04 v1.11 sample graphics configuration
)
Package graphics Info: Driver file: pdftex.def on input line 106.
)
\Gin@req@height=\dimen156
\Gin@req@width=\dimen157
) (C:\Users\mamat\AppData\Local\Programs\MiKTeX\tex/latex/grffile\grffile.sty
Package: grffile 2019/11/11 v2.1 Extended file name support for graphics (legacy)
Package grffile Info: This package is an empty stub for compatibility on input line 40.
) (C:\Users\mamat\AppData\Local\Programs\MiKTeX\tex/latex/base\latexsym.sty
Package: latexsym 1998/08/17 v2.2e Standard LaTeX package (lasy symbols)
\symlasy=\mathgroup4
LaTeX Font Info:    Overwriting symbol font `lasy' in version `bold'
(Font)                  U/lasy/m/n --> U/lasy/b/n on input line 52.
) (C:\Users\mamat\AppData\Local\Programs\MiKTeX\tex/latex/base\textcomp.sty
Package: textcomp 2024/04/24 v2.1b Standard LaTeX package
) (C:\Users\mamat\AppData\Local\Programs\MiKTeX\tex/latex/tools\longtable.sty
Package: longtable 2024-10-27 v4.22 Multi-page Table package (DPC)
\LTleft=\skip59
\LTright=\skip60
\LTpre=\skip61
\LTpost=\skip62
\LTchunksize=\count293
\LTcapwidth=\dimen158
\LT@head=\box54
\LT@firsthead=\box55
\LT@foot=\box56
\LT@lastfoot=\box57
\LT@gbox=\box58
\LT@cols=\count294
\LT@rows=\count295
\c@LT@tables=\count296
\c@LT@chunks=\count297
\LT@p@ftn=\toks20
) (C:\Users\mamat\AppData\Local\Programs\MiKTeX\tex/latex/tabulary\tabulary.sty
Package: tabulary 2024/06/04 v0.11 tabulary package (DPC)
 (C:\Users\mamat\AppData\Local\Programs\MiKTeX\tex/latex/tools\array.sty
Package: array 2024/10/17 v2.6g Tabular extension package (FMi)
\col@sep=\dimen159
\ar@mcellbox=\box59
\extrarowheight=\dimen160
\NC@list=\toks21
\extratabsurround=\skip63
\backup@length=\skip64
\ar@cellbox=\box60
)
\TY@count=\count298
\TY@linewidth=\dimen161
\tymin=\dimen162
\tymax=\dimen163
\TY@tablewidth=\dimen164
) (C:\Users\mamat\AppData\Local\Programs\MiKTeX\tex/latex/booktabs\booktabs.sty
Package: booktabs 2020/01/12 v1.61803398 Publication quality tables
\heavyrulewidth=\dimen165
\lightrulewidth=\dimen166
\cmidrulewidth=\dimen167
\belowrulesep=\dimen168
\belowbottomsep=\dimen169
\aboverulesep=\dimen170
\abovetopsep=\dimen171
\cmidrulesep=\dimen172
\cmidrulekern=\dimen173
\defaultaddspace=\dimen174
\@cmidla=\count299
\@cmidlb=\count300
\@aboverulesep=\dimen175
\@belowrulesep=\dimen176
\@thisruleclass=\count301
\@lastruleclass=\count302
\@thisrulewidth=\dimen177
) (C:\Users\mamat\AppData\Local\Programs\MiKTeX\tex/latex/multirow\multirow.sty
Package: multirow 2021/03/15 v2.8 Span multiple rows of a table
\multirow@colwidth=\skip65
\multirow@cntb=\count303
\multirow@dima=\skip66
\bigstrutjot=\dimen178
) (C:\Users\mamat\AppData\Local\Programs\MiKTeX\tex/latex/amsfonts\amsfonts.sty
Package: amsfonts 2013/01/14 v3.01 Basic AMSFonts support
\@emptytoks=\toks22
\symAMSa=\mathgroup5
\symAMSb=\mathgroup6
LaTeX Font Info:    Redeclaring math symbol \hbar on input line 98.
LaTeX Font Info:    Overwriting math alphabet `\mathfrak' in version `bold'
(Font)                  U/euf/m/n --> U/euf/b/n on input line 106.
) (C:\Users\mamat\AppData\Local\Programs\MiKTeX\tex/latex/amsmath\amsmath.sty
Package: amsmath 2024/10/30 v2.17s AMS math features
\@mathmargin=\skip67

For additional information on amsmath, use the `?' option.
(C:\Users\mamat\AppData\Local\Programs\MiKTeX\tex/latex/amsmath\amstext.sty
Package: amstext 2021/08/26 v2.01 AMS text
 (C:\Users\mamat\AppData\Local\Programs\MiKTeX\tex/latex/amsmath\amsgen.sty
File: amsgen.sty 1999/11/30 v2.0 generic functions
\@emptytoks=\toks23
\ex@=\dimen179
)) (C:\Users\mamat\AppData\Local\Programs\MiKTeX\tex/latex/amsmath\amsbsy.sty
Package: amsbsy 1999/11/29 v1.2d Bold Symbols
\pmbraise@=\dimen180
) (C:\Users\mamat\AppData\Local\Programs\MiKTeX\tex/latex/amsmath\amsopn.sty
Package: amsopn 2022/04/08 v2.04 operator names
)
\inf@bad=\count304
LaTeX Info: Redefining \frac on input line 233.
\uproot@=\count305
\leftroot@=\count306
LaTeX Info: Redefining \overline on input line 398.
LaTeX Info: Redefining \colon on input line 409.
\classnum@=\count307
\DOTSCASE@=\count308
LaTeX Info: Redefining \ldots on input line 502.
LaTeX Info: Redefining \dots on input line 505.
LaTeX Info: Redefining \cdots on input line 638.
\Mathstrutbox@=\box61
\strutbox@=\box62
LaTeX Info: Redefining \big on input line 740.
LaTeX Info: Redefining \Big on input line 741.
LaTeX Info: Redefining \bigg on input line 742.
LaTeX Info: Redefining \Bigg on input line 743.
\big@size=\dimen181
LaTeX Font Info:    Redeclaring font encoding OML on input line 761.
LaTeX Font Info:    Redeclaring font encoding OMS on input line 762.
\macc@depth=\count309
LaTeX Info: Redefining \bmod on input line 923.
LaTeX Info: Redefining \pmod on input line 928.
LaTeX Info: Redefining \smash on input line 958.
LaTeX Info: Redefining \relbar on input line 988.
LaTeX Info: Redefining \Relbar on input line 989.
\c@MaxMatrixCols=\count310
\dotsspace@=\muskip18
\c@parentequation=\count311
\dspbrk@lvl=\count312
\tag@help=\toks24
\row@=\count313
\column@=\count314
\maxfields@=\count315
\andhelp@=\toks25
\eqnshift@=\dimen182
\alignsep@=\dimen183
\tagshift@=\dimen184
\tagwidth@=\dimen185
\totwidth@=\dimen186
\lineht@=\dimen187
\@envbody=\toks26
\multlinegap=\skip68
\multlinetaggap=\skip69
\mathdisplay@stack=\toks27
LaTeX Info: Redefining \[ on input line 2972.
LaTeX Info: Redefining \] on input line 2973.
)
\linenoamsmath@ams@eqpen=\count316
 (C:\Users\mamat\AppData\Local\Programs\MiKTeX\tex/latex/amsfonts\amssymb.sty
Package: amssymb 2013/01/14 v3.01 AMS font symbols
) (C:\Users\mamat\AppData\Local\Programs\MiKTeX\tex/latex/base\inputenc.sty
Package: inputenc 2024/02/08 v1.3d Input encoding file
\inpenc@prehook=\toks28
\inpenc@posthook=\toks29
) (C:\Users\mamat\AppData\Local\Programs\MiKTeX\tex/generic/babel\babel.sty
Package: babel 2024/10/20 v24.12 The multilingual framework for pdfLaTeX, LuaLaTeX and XeLaTeX
\babel@savecnt=\count317
\U@D=\dimen188
\l@unhyphenated=\language80
 (C:\Users\mamat\AppData\Local\Programs\MiKTeX\tex/generic/babel\txtbabel.def)
\bbl@readstream=\read2
\bbl@dirlevel=\count318

*************************************
* Local config file bblopts.cfg used
*
(C:\Users\mamat\AppData\Local\Programs\MiKTeX\tex/latex/arabi\bblopts.cfg
File: bblopts.cfg 2005/09/08 v0.1 add Arabic and Farsi to "declared" options of babel
) (C:\Users\mamat\AppData\Local\Programs\MiKTeX\tex/latex/babel-english\english.ldf
Language: english 2017/06/06 v3.3r English support from the babel system
Package babel Info: Hyphen rules for 'canadian' set to \l@english
(babel)             (\language0). Reported on input line 102.
Package babel Info: Hyphen rules for 'australian' set to \l@ukenglish
(babel)             (\language73). Reported on input line 105.
Package babel Info: Hyphen rules for 'newzealand' set to \l@ukenglish
(babel)             (\language73). Reported on input line 108.
)) (C:\Users\mamat\AppData\Local\Programs\MiKTeX\tex/generic/babel/locale/en\babel-english.tex
Package babel Info: Importing font and identification data for english
(babel)             from babel-en.ini. Reported on input line 11.
) (C:\Users\mamat\AppData\Local\Programs\MiKTeX\tex/latex/float\float.sty
Package: float 2001/11/08 v1.3d Float enhancements (AL)
\c@float@type=\count319
\float@exts=\toks30
\float@box=\box63
\@float@everytoks=\toks31
\@floatcapt=\box64
) (C:\Users\mamat\AppData\Local\Programs\MiKTeX\tex/latex/enumitem\enumitem.sty
Package: enumitem 2019/06/20 v3.9 Customized lists
\labelindent=\skip70
\enit@outerparindent=\dimen189
\enit@toks=\toks32
\enit@inbox=\box65
\enit@count@id=\count320
\enitdp@description=\count321
) (C:\Users\mamat\AppData\Local\Programs\MiKTeX\tex/latex/l3backend\l3backend-pdftex.def
File: l3backend-pdftex.def 2024-05-08 L3 backend support: PDF output (pdfTeX)
\l__color_backend_stack_int=\count322
\l__pdf_internal_box=\box66
) (main.aux)
\openout1 = `main.aux'.

LaTeX Font Info:    Checking defaults for OML/cmm/m/it on input line 74.
LaTeX Font Info:    ... okay on input line 74.
LaTeX Font Info:    Checking defaults for OMS/cmsy/m/n on input line 74.
LaTeX Font Info:    ... okay on input line 74.
LaTeX Font Info:    Checking defaults for OT1/cmr/m/n on input line 74.
LaTeX Font Info:    ... okay on input line 74.
LaTeX Font Info:    Checking defaults for T1/cmr/m/n on input line 74.
LaTeX Font Info:    ... okay on input line 74.
LaTeX Font Info:    Checking defaults for TS1/cmr/m/n on input line 74.
LaTeX Font Info:    ... okay on input line 74.
LaTeX Font Info:    Checking defaults for OMX/cmex/m/n on input line 74.
LaTeX Font Info:    ... okay on input line 74.
LaTeX Font Info:    Checking defaults for U/cmr/m/n on input line 74.
LaTeX Font Info:    ... okay on input line 74.
LaTeX Font Info:    Checking defaults for PD1/pdf/m/n on input line 74.
LaTeX Font Info:    ... okay on input line 74.
LaTeX Font Info:    Checking defaults for PU/pdf/m/n on input line 74.
LaTeX Font Info:    ... okay on input line 74.
 (C:\Users\mamat\AppData\Local\Programs\MiKTeX\tex/context/base/mkii\supp-pdf.mkii
[Loading MPS to PDF converter (version 2006.09.02).]
\scratchcounter=\count323
\scratchdimen=\dimen190
\scratchbox=\box67
\nofMPsegments=\count324
\nofMParguments=\count325
\everyMPshowfont=\toks33
\MPscratchCnt=\count326
\MPscratchDim=\dimen191
\MPnumerator=\count327
\makeMPintoPDFobject=\count328
\everyMPtoPDFconversion=\toks34
) (C:\Users\mamat\AppData\Local\Programs\MiKTeX\tex/latex/epstopdf-pkg\epstopdf-base.sty
Package: epstopdf-base 2020-01-24 v2.11 Base part for package epstopdf
Package epstopdf-base Info: Redefining graphics rule for `.eps' on input line 485.
 (C:\Users\mamat\AppData\Local\Programs\MiKTeX\tex/latex/00miktex\epstopdf-sys.cfg
File: epstopdf-sys.cfg 2021/03/18 v2.0 Configuration of epstopdf for MiKTeX
))
Package hyperref Info: Link coloring ON on input line 74.
 (main.out) (main.out)
\@outlinefile=\write3
\openout3 = `main.out'.

LaTeX Font Info:    Trying to load font information for U+lasy on input line 101.
 (C:\Users\mamat\AppData\Local\Programs\MiKTeX\tex/latex/base\ulasy.fd
File: ulasy.fd 1998/08/17 v2.2e LaTeX symbol font definitions
)
LaTeX Font Info:    Trying to load font information for U+msa on input line 101.
 (C:\Users\mamat\AppData\Local\Programs\MiKTeX\tex/latex/amsfonts\umsa.fd
File: umsa.fd 2013/01/14 v3.01 AMS symbols A
)
LaTeX Font Info:    Trying to load font information for U+msb on input line 101.
 (C:\Users\mamat\AppData\Local\Programs\MiKTeX\tex/latex/amsfonts\umsb.fd
File: umsb.fd 2013/01/14 v3.01 AMS symbols B
) (introduction.tex

[1

{C:/Users/mamat/AppData/Local/MiKTeX/fonts/map/pdftex/pdftex.map}]

[2]) (materials.tex

[3]
<image/5StepDataMiningProcess1.jpg, id=172, 1738.495pt x 820.06375pt>
File: image/5StepDataMiningProcess1.jpg Graphic file (type jpg)
<use image/5StepDataMiningProcess1.jpg>
Package pdftex.def Info: image/5StepDataMiningProcess1.jpg  used on input line 25.
(pdftex.def)             Requested size: 426.79134pt x 201.31154pt.


[4
pdfTeX warning (ext4): destination with the same identifier (name{figure.1}) has been already used, duplicate ignored
<argument> ...shipout:D \box_use:N \l_shipout_box 
                                                  \__shipout_drop_firstpage_...
l.48         T
              he fish images are collected in RGB (Red, Green, Blue) or BGR ... <./image/5StepDataMiningProcess1.jpg>]

[5]

[6]

[7]) (experiments.tex

[8
pdfTeX warning (ext4): destination with the same identifier (name{table.1}) has been already used, duplicate ignored
<argument> ...shipout:D \box_use:N \l_shipout_box 
                                                  \__shipout_drop_firstpage_...
l.29 
     ]

[9]
<image/Diagram5FoldCrossValidationMethodBlocks.png, id=229, 639.38875pt x 322.20375pt>
File: image/Diagram5FoldCrossValidationMethodBlocks.png Graphic file (type png)
<use image/Diagram5FoldCrossValidationMethodBlocks.png>
Package pdftex.def Info: image/Diagram5FoldCrossValidationMethodBlocks.png  used on input line 51.
(pdftex.def)             Requested size: 284.52756pt x 143.38268pt.
<image/fine_tuning.png, id=230, 481.8pt x 634.62094pt>
File: image/fine_tuning.png Graphic file (type png)
<use image/fine_tuning.png>
Package pdftex.def Info: image/fine_tuning.png  used on input line 108.
(pdftex.def)             Requested size: 128.0374pt x 168.64824pt.
<image/cross_validation.png, id=232, 598.48593pt x 758.08218pt>
File: image/cross_validation.png Graphic file (type png)
<use image/cross_validation.png>
Package pdftex.def Info: image/cross_validation.png  used on input line 109.
(pdftex.def)             Requested size: 128.0374pt x 162.17477pt.
) (results.tex

[10
pdfTeX warning (ext4): destination with the same identifier (name{figure.2}) has been already used, duplicate ignored
<argument> ...shipout:D \box_use:N \l_shipout_box 
                                                  \__shipout_drop_firstpage_...
l.1 \section
            {Results} <./image/Diagram5FoldCrossValidationMethodBlocks.png>]

[11
pdfTeX warning (ext4): destination with the same identifier (name{table.2}) has been already used, duplicate ignored
<argument> ...shipout:D \box_use:N \l_shipout_box 
                                                  \__shipout_drop_firstpage_...
l.1 \section
            {Results} <./image/fine_tuning.png> <./image/cross_validation.png>]
<image/dataset_hybrid.jpg, id=254, 1927.2pt x 1927.2pt>
File: image/dataset_hybrid.jpg Graphic file (type jpg)
<use image/dataset_hybrid.jpg>
Package pdftex.def Info: image/dataset_hybrid.jpg  used on input line 44.
(pdftex.def)             Requested size: 963.59766pt x 963.59766pt.


[12


pdfTeX warning (ext4): destination with the same identifier (name{table.3}) has been already used, duplicate ignored
<argument> ...shipout:D \box_use:N \l_shipout_box 
                                                  \__shipout_drop_firstpage_...
l.59 
     ]
<image/Experiment 1/exp1_box_loss_dashboard.png, id=267, 1141.26375pt x 481.8pt>
File: image/Experiment 1/exp1_box_loss_dashboard.png Graphic file (type png)
<use image/Experiment 1/exp1_box_loss_dashboard.png>
Package pdftex.def Info: image/Experiment 1/exp1_box_loss_dashboard.png  used on input line 78.
(pdftex.def)             Requested size: 399.4483pt x 168.63252pt.
<image/Experiment 1/exp1_class_loss_dashboard.png, id=268, 1141.26375pt x 481.8pt>
File: image/Experiment 1/exp1_class_loss_dashboard.png Graphic file (type png)
<use image/Experiment 1/exp1_class_loss_dashboard.png>
Package pdftex.def Info: image/Experiment 1/exp1_class_loss_dashboard.png  used on input line 85.
(pdftex.def)             Requested size: 455.24408pt x 192.18726pt.
<image/Experiment 1/exp1_confusion_matrix.png, id=269, 867.24pt x 650.43pt>
File: image/Experiment 1/exp1_confusion_matrix.png Graphic file (type png)
<use image/Experiment 1/exp1_confusion_matrix.png>
Package pdftex.def Info: image/Experiment 1/exp1_confusion_matrix.png  used on input line 92.
(pdftex.def)             Requested size: 455.24408pt x 341.43124pt.
<image/Experiment 1/exp1_p_curve.png, id=270, 650.43pt x 433.62pt>
File: image/Experiment 1/exp1_p_curve.png Graphic file (type png)
<use image/Experiment 1/exp1_p_curve.png>
Package pdftex.def Info: image/Experiment 1/exp1_p_curve.png  used on input line 101.
(pdftex.def)             Requested size: 213.39566pt x 142.26135pt.
<image/Experiment 1/exp1_r_curve.png, id=271, 650.43pt x 433.62pt>
File: image/Experiment 1/exp1_r_curve.png Graphic file (type png)
<use image/Experiment 1/exp1_r_curve.png>
Package pdftex.def Info: image/Experiment 1/exp1_r_curve.png  used on input line 104.
(pdftex.def)             Requested size: 213.39566pt x 142.26135pt.
<image/Experiment 1/exp1_pr_curve.png, id=272, 650.43pt x 433.62pt>
File: image/Experiment 1/exp1_pr_curve.png Graphic file (type png)
<use image/Experiment 1/exp1_pr_curve.png>
Package pdftex.def Info: image/Experiment 1/exp1_pr_curve.png  used on input line 107.
(pdftex.def)             Requested size: 213.39566pt x 142.26135pt.
<image/Experiment 1/exp1_f1_curve.png, id=273, 650.43pt x 433.62pt>
File: image/Experiment 1/exp1_f1_curve.png Graphic file (type png)
<use image/Experiment 1/exp1_f1_curve.png>
Package pdftex.def Info: image/Experiment 1/exp1_f1_curve.png  used on input line 110.
(pdftex.def)             Requested size: 213.39566pt x 142.26135pt.
<image/Experiment 2/exp2_model1_box_loss_dashboard.png, id=274, 1128.46594pt x 481.8pt>
File: image/Experiment 2/exp2_model1_box_loss_dashboard.png Graphic file (type png)
<use image/Experiment 2/exp2_model1_box_loss_dashboard.png>
Package pdftex.def Info: image/Experiment 2/exp2_model1_box_loss_dashboard.png  used on input line 138.
(pdftex.def)             Requested size: 213.39566pt x 91.10919pt.
<image/Experiment 2/exp2_model2_box_loss_dashboard.png, id=275, 1128.46594pt x 481.8pt>
File: image/Experiment 2/exp2_model2_box_loss_dashboard.png Graphic file (type png)
<use image/Experiment 2/exp2_model2_box_loss_dashboard.png>
Package pdftex.def Info: image/Experiment 2/exp2_model2_box_loss_dashboard.png  used on input line 141.
(pdftex.def)             Requested size: 213.39566pt x 91.10919pt.
<image/Experiment 2/exp2_model3_box_loss_dashboard.png, id=276, 1128.46594pt x 481.8pt>
File: image/Experiment 2/exp2_model3_box_loss_dashboard.png Graphic file (type png)
<use image/Experiment 2/exp2_model3_box_loss_dashboard.png>
Package pdftex.def Info: image/Experiment 2/exp2_model3_box_loss_dashboard.png  used on input line 144.
(pdftex.def)             Requested size: 213.39566pt x 91.10919pt.
<image/Experiment 2/exp2_model4_box_loss_dashboard.png, id=277, 1128.46594pt x 481.8pt>
File: image/Experiment 2/exp2_model4_box_loss_dashboard.png Graphic file (type png)
<use image/Experiment 2/exp2_model4_box_loss_dashboard.png>
Package pdftex.def Info: image/Experiment 2/exp2_model4_box_loss_dashboard.png  used on input line 147.
(pdftex.def)             Requested size: 213.39566pt x 91.10919pt.
<image/Experiment 2/exp2_model5_box_loss_dashboard.png, id=278, 1128.46594pt x 481.8pt>
File: image/Experiment 2/exp2_model5_box_loss_dashboard.png Graphic file (type png)
<use image/Experiment 2/exp2_model5_box_loss_dashboard.png>
Package pdftex.def Info: image/Experiment 2/exp2_model5_box_loss_dashboard.png  used on input line 151.
(pdftex.def)             Requested size: 213.39566pt x 91.10919pt.
<image/Experiment 2/exp2_model1_class_loss_dashboard.png, id=279, 1128.46594pt x 481.8pt>
File: image/Experiment 2/exp2_model1_class_loss_dashboard.png Graphic file (type png)
<use image/Experiment 2/exp2_model1_class_loss_dashboard.png>
Package pdftex.def Info: image/Experiment 2/exp2_model1_class_loss_dashboard.png  used on input line 160.
(pdftex.def)             Requested size: 213.39566pt x 91.10919pt.
<image/Experiment 2/exp2_model2_class_loss_dashboard.png, id=280, 1128.46594pt x 481.8pt>
File: image/Experiment 2/exp2_model2_class_loss_dashboard.png Graphic file (type png)
<use image/Experiment 2/exp2_model2_class_loss_dashboard.png>
Package pdftex.def Info: image/Experiment 2/exp2_model2_class_loss_dashboard.png  used on input line 163.
(pdftex.def)             Requested size: 213.39566pt x 91.10919pt.
<image/Experiment 2/exp2_model3_class_loss_dashboard.png, id=281, 1128.46594pt x 481.8pt>
File: image/Experiment 2/exp2_model3_class_loss_dashboard.png Graphic file (type png)
<use image/Experiment 2/exp2_model3_class_loss_dashboard.png>
Package pdftex.def Info: image/Experiment 2/exp2_model3_class_loss_dashboard.png  used on input line 166.
(pdftex.def)             Requested size: 213.39566pt x 91.10919pt.
<image/Experiment 2/exp2_model4_class_loss_dashboard.png, id=282, 1128.46594pt x 481.8pt>
File: image/Experiment 2/exp2_model4_class_loss_dashboard.png Graphic file (type png)
<use image/Experiment 2/exp2_model4_class_loss_dashboard.png>
Package pdftex.def Info: image/Experiment 2/exp2_model4_class_loss_dashboard.png  used on input line 169.
(pdftex.def)             Requested size: 213.39566pt x 91.10919pt.
<image/Experiment 2/exp2_model5_class_loss_dashboard.png, id=283, 1128.46594pt x 481.8pt>
File: image/Experiment 2/exp2_model5_class_loss_dashboard.png Graphic file (type png)
<use image/Experiment 2/exp2_model5_class_loss_dashboard.png>
Package pdftex.def Info: image/Experiment 2/exp2_model5_class_loss_dashboard.png  used on input line 173.
(pdftex.def)             Requested size: 213.39566pt x 91.10919pt.
<image/Experiment 2/exp2_model1_confusion_matrix.png, id=284, 867.24pt x 650.43pt>
File: image/Experiment 2/exp2_model1_confusion_matrix.png Graphic file (type png)
<use image/Experiment 2/exp2_model1_confusion_matrix.png>
Package pdftex.def Info: image/Experiment 2/exp2_model1_confusion_matrix.png  used on input line 184.
(pdftex.def)             Requested size: 213.39566pt x 160.04651pt.
<image/Experiment 2/exp2_model2_confusion_matrix.png, id=285, 867.24pt x 650.43pt>
File: image/Experiment 2/exp2_model2_confusion_matrix.png Graphic file (type png)
<use image/Experiment 2/exp2_model2_confusion_matrix.png>
Package pdftex.def Info: image/Experiment 2/exp2_model2_confusion_matrix.png  used on input line 187.
(pdftex.def)             Requested size: 213.39566pt x 160.04651pt.
<image/Experiment 2/exp2_model3_confusion_matrix.png, id=286, 867.24pt x 650.43pt>
File: image/Experiment 2/exp2_model3_confusion_matrix.png Graphic file (type png)
<use image/Experiment 2/exp2_model3_confusion_matrix.png>
Package pdftex.def Info: image/Experiment 2/exp2_model3_confusion_matrix.png  used on input line 190.
(pdftex.def)             Requested size: 213.39566pt x 160.04651pt.
<image/Experiment 2/exp2_model4_confusion_matrix.png, id=287, 867.24pt x 650.43pt>
File: image/Experiment 2/exp2_model4_confusion_matrix.png Graphic file (type png)
<use image/Experiment 2/exp2_model4_confusion_matrix.png>
Package pdftex.def Info: image/Experiment 2/exp2_model4_confusion_matrix.png  used on input line 193.
(pdftex.def)             Requested size: 213.39566pt x 160.04651pt.
<image/Experiment 2/exp2_model5_confusion_matrix.png, id=288, 867.24pt x 650.43pt>
File: image/Experiment 2/exp2_model5_confusion_matrix.png Graphic file (type png)
<use image/Experiment 2/exp2_model5_confusion_matrix.png>
Package pdftex.def Info: image/Experiment 2/exp2_model5_confusion_matrix.png  used on input line 197.
(pdftex.def)             Requested size: 213.39566pt x 160.04651pt.
<image/Experiment 2/exp2_error_box_loss.png, id=289, 970.3753pt x 411.03563pt>
File: image/Experiment 2/exp2_error_box_loss.png Graphic file (type png)
<use image/Experiment 2/exp2_error_box_loss.png>
Package pdftex.def Info: image/Experiment 2/exp2_error_box_loss.png  used on input line 204.
(pdftex.def)             Requested size: 485.18646pt x 205.5173pt.

Overfull \hbox (15.43144pt too wide) in paragraph at lines 204--205
 [][] 
 []

<image/Experiment 2/exp2_error_class_loss.png, id=290, 970.3753pt x 411.03563pt>
File: image/Experiment 2/exp2_error_class_loss.png Graphic file (type png)
<use image/Experiment 2/exp2_error_class_loss.png>
Package pdftex.def Info: image/Experiment 2/exp2_error_class_loss.png  used on input line 211.
(pdftex.def)             Requested size: 485.18646pt x 205.5173pt.

Overfull \hbox (15.43144pt too wide) in paragraph at lines 211--212
 [][] 
 []



[13]

[14]

[15
pdfTeX warning (ext4): destination with the same identifier (name{figure.3}) has been already used, duplicate ignored
<argument> ...shipout:D \box_use:N \l_shipout_box 
                                                  \__shipout_drop_firstpage_...
l.232 \section
              {Discussion} <./image/dataset_hybrid.jpg>]

[16
pdfTeX warning (ext4): destination with the same identifier (name{figure.4}) has been already used, duplicate ignored
<argument> ...shipout:D \box_use:N \l_shipout_box 
                                                  \__shipout_drop_firstpage_...
l.232 \section
              {Discussion}
pdfTeX warning (ext4): destination with the same identifier (name{figure.5}) has been already used, duplicate ignored
<argument> ...shipout:D \box_use:N \l_shipout_box 
                                                  \__shipout_drop_firstpage_...
l.232 \section
              {Discussion} <./image/Experiment 1/exp1_box_loss_dashboard.png (PNG copy)> <./image/Experiment 1/exp1_class_loss_dashboard.png (PNG copy)>]

[17
pdfTeX warning (ext4): destination with the same identifier (name{figure.6}) has been already used, duplicate ignored
<argument> ...shipout:D \box_use:N \l_shipout_box 
                                                  \__shipout_drop_firstpage_...
l.232 \section
              {Discussion} <./image/Experiment 1/exp1_confusion_matrix.png>]

[18
pdfTeX warning (ext4): destination with the same identifier (name{figure.7}) has been already used, duplicate ignored
<argument> ...shipout:D \box_use:N \l_shipout_box 
                                                  \__shipout_drop_firstpage_...
l.232 \section
              {Discussion} <./image/Experiment 1/exp1_p_curve.png> <./image/Experiment 1/exp1_r_curve.png> <./image/Experiment 1/exp1_pr_curve.png> <./image/Experiment 1/exp1_f1_curve.png>]

[19
pdfTeX warning (ext4): destination with the same identifier (name{figure.8}) has been already used, duplicate ignored
<argument> ...shipout:D \box_use:N \l_shipout_box 
                                                  \__shipout_drop_firstpage_...
l.232 \section
              {Discussion} <./image/Experiment 2/exp2_model1_box_loss_dashboard.png (PNG copy)> <./image/Experiment 2/exp2_model2_box_loss_dashboard.png (PNG copy)> <./image/Experiment 2/exp2_model3_box_loss_dashboard.png (PNG copy)> <./image/Experiment 2/exp2_model4_box_loss_dashboard.png (PNG copy)> <./image/Experiment 2/exp2_model5_box_loss_dashboard.png (PNG copy)>]

[20
pdfTeX warning (ext4): destination with the same identifier (name{figure.9}) has been already used, duplicate ignored
<argument> ...shipout:D \box_use:N \l_shipout_box 
                                                  \__shipout_drop_firstpage_...
l.232 \section
              {Discussion} <./image/Experiment 2/exp2_model1_class_loss_dashboard.png (PNG copy)> <./image/Experiment 2/exp2_model2_class_loss_dashboard.png (PNG copy)> <./image/Experiment 2/exp2_model3_class_loss_dashboard.png (PNG copy)> <./image/Experiment 2/exp2_model4_class_loss_dashboard.png (PNG copy)> <./image/Experiment 2/exp2_model5_class_loss_dashboard.png (PNG copy)>]

[21
pdfTeX warning (ext4): destination with the same identifier (name{figure.10}) has been already used, duplicate ignored
<argument> ...shipout:D \box_use:N \l_shipout_box 
                                                  \__shipout_drop_firstpage_...
l.232 \section
              {Discussion} <./image/Experiment 2/exp2_model1_confusion_matrix.png> <./image/Experiment 2/exp2_model2_confusion_matrix.png> <./image/Experiment 2/exp2_model3_confusion_matrix.png> <./image/Experiment 2/exp2_model4_confusion_matrix.png> <./image/Experiment 2/exp2_model5_confusion_matrix.png>]

[22
pdfTeX warning (ext4): destination with the same identifier (name{figure.11}) has been already used, duplicate ignored
<argument> ...shipout:D \box_use:N \l_shipout_box 
                                                  \__shipout_drop_firstpage_...
l.232 \section
              {Discussion}
pdfTeX warning (ext4): destination with the same identifier (name{figure.12}) has been already used, duplicate ignored
<argument> ...shipout:D \box_use:N \l_shipout_box 
                                                  \__shipout_drop_firstpage_...
l.232 \section
              {Discussion} <./image/Experiment 2/exp2_error_box_loss.png (PNG copy)> <./image/Experiment 2/exp2_error_class_loss.png (PNG copy)>]) (conclusion.tex)

[23

]

[24] (main.aux)
 ***********
LaTeX2e <2024-11-01>
L3 programming layer <2024-10-09>
 ***********
Package rerunfilecheck Info: File `main.out' has not changed.
(rerunfilecheck)             Checksum: 19C536F3B93FCBB9C6CBD483655CCF17;7217.
 ) 
Here is how much of TeX's memory you used:
 13687 strings out of 473701
 223524 string characters out of 5719417
 635388 words of memory out of 5000000
 36406 multiletter control sequences out of 15000+600000
 568175 words of font info for 78 fonts, out of 8000000 for 9000
 1141 hyphenation exceptions out of 8191
 69i,19n,79p,1783b,697s stack positions out of 10000i,1000n,20000p,200000b,200000s
 <C:\Users\mamat\AppData\Local\MiKTeX\fonts/pk/ljfour/jknappen/ec/dpi600\tcrm1000.pk><C:/Users/mamat/AppData/Local/Programs/MiKTeX/fonts/type1/public/amsfonts/cm/cmbx10.pfb><C:/Users/mamat/AppData/Local/Programs/MiKTeX/fonts/type1/public/amsfonts/cm/cmbx12.pfb><C:/Users/mamat/AppData/Local/Programs/MiKTeX/fonts/type1/public/amsfonts/cm/cmex10.pfb><C:/Users/mamat/AppData/Local/Programs/MiKTeX/fonts/type1/public/amsfonts/cmextra/cmex7.pfb><C:/Users/mamat/AppData/Local/Programs/MiKTeX/fonts/type1/public/amsfonts/cm/cmmi10.pfb><C:/Users/mamat/AppData/Local/Programs/MiKTeX/fonts/type1/public/amsfonts/cm/cmmi5.pfb><C:/Users/mamat/AppData/Local/Programs/MiKTeX/fonts/type1/public/amsfonts/cm/cmmi7.pfb><C:/Users/mamat/AppData/Local/Programs/MiKTeX/fonts/type1/public/amsfonts/cm/cmr10.pfb><C:/Users/mamat/AppData/Local/Programs/MiKTeX/fonts/type1/public/amsfonts/cm/cmr12.pfb><C:/Users/mamat/AppData/Local/Programs/MiKTeX/fonts/type1/public/amsfonts/cm/cmr5.pfb><C:/Users/mamat/AppData/Local/Programs/MiKTeX/fonts/type1/public/amsfonts/cm/cmr6.pfb><C:/Users/mamat/AppData/Local/Programs/MiKTeX/fonts/type1/public/amsfonts/cm/cmr7.pfb><C:/Users/mamat/AppData/Local/Programs/MiKTeX/fonts/type1/public/amsfonts/cm/cmr8.pfb><C:/Users/mamat/AppData/Local/Programs/MiKTeX/fonts/type1/public/amsfonts/cm/cmsy10.pfb><C:/Users/mamat/AppData/Local/Programs/MiKTeX/fonts/type1/public/amsfonts/cm/cmsy7.pfb><C:/Users/mamat/AppData/Local/Programs/MiKTeX/fonts/type1/public/amsfonts/cm/cmti10.pfb>
Output written on main.pdf (24 pages, 2951758 bytes).
PDF statistics:
 455 PDF objects out of 1000 (max. 8388607)
 107 named destinations out of 1000 (max. 500000)
 442 words of extra memory for PDF output out of 10000 (max. 10000000)

